<?xml version="1.0" encoding="UTF-8"?>
<!-- Generated by org.testng.reporters.JUnitXMLReporter -->
<testsuite ignored="0" hostname="LAPTOP-LHHKFES4" failures="0" tests="15" name="Test" time="410.591" errors="0" timestamp="2024-09-10T13:59:11 IST">
  <testcase classname="Amazon_Project_01.Edit_Information_Testcase" name="edit_Info" time="9.725"/>
  <testcase classname="Amazon_Project_01.Checkout_process_Testcase" name="remove_item_from_cart" time="44.764"/>
  <testcase classname="Amazon_Project_01.CoupanCode_Apply" name="remove_item_from_cart" time="57.71"/>
  <testcase classname="Amazon_Project_01.Registration_Testcase" name="Registration_New" time="3.265"/>
  <testcase classname="Amazon_Project_01.Registration_Testcase" name="login_success" time="0.001"/>
  <testcase classname="Amazon_Project_01.Your_Order_Testcase" name="Product_Details" time="9.3"/>
  <testcase classname="Amazon_Project_01.Search_Shoe" name="search_shoe" time="15.392"/>
  <testcase classname="Amazon_Project_01.Each_Payment_Method_Testcase" name="remove_item_from_cart" time="43.879"/>
  <testcase classname="Amazon_Project_01.Removeitemfrom_cart_Testcase" name="remove_item_from_cart" time="23.565"/>
  <testcase classname="Amazon_Project_01.Product_details_Testcase" name="Product_Details" time="17.068"/>
  <testcase classname="Amazon_Project_01.Cart_Without_Login_Testcase" name="Product_Details" time="10.716"/>
  <testcase classname="Amazon_Project_01.AddToCart_Testcase" name="Product_Details" time="24.347"/>
  <testcase classname="Amazon_Project_01.Login_With_Invalid_Cred_Testcase" name="login_Fail" time="8.554"/>
  <testcase classname="Amazon_Project_01.Data_Driven_Login_testcase" name="login_datadriven" time="8.659"/>
  <testcase classname="Amazon_Project_01.Login_With_Valid_Cred_Testcase" name="login_Success" time="6.269"/>
</testsuite> <!-- Test -->
