<?xml version="1.0" encoding="UTF-8"?>
<testng-results ignored="0" total="15" passed="15" failed="0" skipped="0">
  <reporter-output>
    <line>
      <![CDATA[Test case Is pass]]>
    </line>
    <line>
      <![CDATA[Test case Is pass]]>
    </line>
    <line>
      <![CDATA[Test case Is pass]]>
    </line>
    <line>
      <![CDATA[Test case Is pass]]>
    </line>
    <line>
      <![CDATA[Test case Is pass]]>
    </line>
    <line>
      <![CDATA[Test case Is pass]]>
    </line>
    <line>
      <![CDATA[Test case Is pass]]>
    </line>
    <line>
      <![CDATA[Test case Is pass]]>
    </line>
    <line>
      <![CDATA[Test case Is pass]]>
    </line>
    <line>
      <![CDATA[Test case Is pass]]>
    </line>
    <line>
      <![CDATA[Test case Is pass]]>
    </line>
    <line>
      <![CDATA[Test case Is pass]]>
    </line>
    <line>
      <![CDATA[Test case Is pass]]>
    </line>
    <line>
      <![CDATA[Test case Is pass]]>
    </line>
    <line>
      <![CDATA[Test case Is pass]]>
    </line>
  </reporter-output>
  <suite started-at="2024-09-10T13:52:20 IST" name="Suite" finished-at="2024-09-10T13:59:11 IST" duration-ms="410591">
    <groups>
    </groups>
    <test started-at="2024-09-10T13:52:20 IST" name="Test" finished-at="2024-09-10T13:59:11 IST" duration-ms="410591">
      <class name="Amazon_Project_01.Product_details_Testcase">
        <test-method is-config="true" signature="launch_browser()[pri:0, instance:Amazon_Project_01.Product_details_Testcase@4f6ee6e4]" started-at="2024-09-10T13:57:05 IST" name="launch_browser" finished-at="2024-09-10T13:57:07 IST" duration-ms="2959" status="PASS">
          <reporter-output>
          </reporter-output>
        </test-method> <!-- launch_browser -->
        <test-method signature="Product_Details()[pri:0, instance:Amazon_Project_01.Product_details_Testcase@4f6ee6e4]" started-at="2024-09-10T13:57:07 IST" name="Product_Details" finished-at="2024-09-10T13:57:25 IST" duration-ms="17068" status="PASS">
          <reporter-output>
            <line>
              <![CDATA[Test case Is pass]]>
            </line>
          </reporter-output>
        </test-method> <!-- Product_Details -->
        <test-method is-config="true" signature="quit_browser()[pri:0, instance:Amazon_Project_01.Product_details_Testcase@4f6ee6e4]" started-at="2024-09-10T13:57:25 IST" name="quit_browser" finished-at="2024-09-10T13:57:30 IST" duration-ms="5275" status="PASS">
          <reporter-output>
          </reporter-output>
        </test-method> <!-- quit_browser -->
      </class> <!-- Amazon_Project_01.Product_details_Testcase -->
      <class name="Amazon_Project_01.Your_Order_Testcase">
        <test-method is-config="true" signature="launch_browser()[pri:0, instance:Amazon_Project_01.Your_Order_Testcase@6356695f]" started-at="2024-09-10T13:54:59 IST" name="launch_browser" finished-at="2024-09-10T13:55:02 IST" duration-ms="3208" status="PASS">
          <reporter-output>
          </reporter-output>
        </test-method> <!-- launch_browser -->
        <test-method signature="Product_Details()[pri:0, instance:Amazon_Project_01.Your_Order_Testcase@6356695f]" started-at="2024-09-10T13:55:02 IST" name="Product_Details" finished-at="2024-09-10T13:55:11 IST" duration-ms="9300" status="PASS">
          <reporter-output>
            <line>
              <![CDATA[Test case Is pass]]>
            </line>
          </reporter-output>
        </test-method> <!-- Product_Details -->
        <test-method is-config="true" signature="quit_browser()[pri:0, instance:Amazon_Project_01.Your_Order_Testcase@6356695f]" started-at="2024-09-10T13:55:11 IST" name="quit_browser" finished-at="2024-09-10T13:55:16 IST" duration-ms="5241" status="PASS">
          <reporter-output>
          </reporter-output>
        </test-method> <!-- quit_browser -->
      </class> <!-- Amazon_Project_01.Your_Order_Testcase -->
      <class name="Amazon_Project_01.Login_With_Invalid_Cred_Testcase">
        <test-method is-config="true" signature="launch_browser()[pri:0, instance:Amazon_Project_01.Login_With_Invalid_Cred_Testcase@6b927fb]" started-at="2024-09-10T13:58:21 IST" name="launch_browser" finished-at="2024-09-10T13:58:24 IST" duration-ms="2895" status="PASS">
          <reporter-output>
          </reporter-output>
        </test-method> <!-- launch_browser -->
        <test-method signature="login_Fail()[pri:0, instance:Amazon_Project_01.Login_With_Invalid_Cred_Testcase@6b927fb]" started-at="2024-09-10T13:58:24 IST" name="login_Fail" finished-at="2024-09-10T13:58:33 IST" duration-ms="8554" status="PASS">
          <reporter-output>
            <line>
              <![CDATA[Test case Is pass]]>
            </line>
          </reporter-output>
        </test-method> <!-- login_Fail -->
        <test-method is-config="true" signature="quit_browser()[pri:0, instance:Amazon_Project_01.Login_With_Invalid_Cred_Testcase@6b927fb]" started-at="2024-09-10T13:58:33 IST" name="quit_browser" finished-at="2024-09-10T13:58:38 IST" duration-ms="5201" status="PASS">
          <reporter-output>
          </reporter-output>
        </test-method> <!-- quit_browser -->
      </class> <!-- Amazon_Project_01.Login_With_Invalid_Cred_Testcase -->
      <class name="Amazon_Project_01.Data_Driven_Login_testcase">
        <test-method is-config="true" signature="launch_browser()[pri:0, instance:Amazon_Project_01.Data_Driven_Login_testcase@3e58a80e]" started-at="2024-09-10T13:58:38 IST" name="launch_browser" finished-at="2024-09-10T13:58:41 IST" duration-ms="2769" status="PASS">
          <reporter-output>
          </reporter-output>
        </test-method> <!-- launch_browser -->
        <test-method signature="login_datadriven()[pri:0, instance:Amazon_Project_01.Data_Driven_Login_testcase@3e58a80e]" started-at="2024-09-10T13:58:41 IST" name="login_datadriven" finished-at="2024-09-10T13:58:49 IST" duration-ms="8659" status="PASS">
          <reporter-output>
            <line>
              <![CDATA[Test case Is pass]]>
            </line>
          </reporter-output>
        </test-method> <!-- login_datadriven -->
        <test-method is-config="true" signature="quit_browser()[pri:0, instance:Amazon_Project_01.Data_Driven_Login_testcase@3e58a80e]" started-at="2024-09-10T13:58:51 IST" name="quit_browser" finished-at="2024-09-10T13:58:56 IST" duration-ms="5193" status="PASS">
          <reporter-output>
          </reporter-output>
        </test-method> <!-- quit_browser -->
      </class> <!-- Amazon_Project_01.Data_Driven_Login_testcase -->
      <class name="Amazon_Project_01.Checkout_process_Testcase">
        <test-method is-config="true" signature="launch_browser()[pri:0, instance:Amazon_Project_01.Checkout_process_Testcase@2e005c4b]" started-at="2024-09-10T13:52:39 IST" name="launch_browser" finished-at="2024-09-10T13:52:42 IST" duration-ms="3506" status="PASS">
          <reporter-output>
          </reporter-output>
        </test-method> <!-- launch_browser -->
        <test-method signature="remove_item_from_cart()[pri:0, instance:Amazon_Project_01.Checkout_process_Testcase@2e005c4b]" started-at="2024-09-10T13:52:42 IST" name="remove_item_from_cart" finished-at="2024-09-10T13:53:27 IST" duration-ms="44764" status="PASS">
          <reporter-output>
            <line>
              <![CDATA[Test case Is pass]]>
            </line>
          </reporter-output>
        </test-method> <!-- remove_item_from_cart -->
        <test-method is-config="true" signature="quit_browser()[pri:0, instance:Amazon_Project_01.Checkout_process_Testcase@2e005c4b]" started-at="2024-09-10T13:53:27 IST" name="quit_browser" finished-at="2024-09-10T13:53:32 IST" duration-ms="5269" status="PASS">
          <reporter-output>
          </reporter-output>
        </test-method> <!-- quit_browser -->
      </class> <!-- Amazon_Project_01.Checkout_process_Testcase -->
      <class name="Amazon_Project_01.AddToCart_Testcase">
        <test-method is-config="true" signature="launch_browser()[pri:0, instance:Amazon_Project_01.AddToCart_Testcase@a514af7]" started-at="2024-09-10T13:57:49 IST" name="launch_browser" finished-at="2024-09-10T13:57:52 IST" duration-ms="3002" status="PASS">
          <reporter-output>
          </reporter-output>
        </test-method> <!-- launch_browser -->
        <test-method signature="Product_Details()[pri:0, instance:Amazon_Project_01.AddToCart_Testcase@a514af7]" started-at="2024-09-10T13:57:52 IST" name="Product_Details" finished-at="2024-09-10T13:58:16 IST" duration-ms="24347" status="PASS">
          <reporter-output>
            <line>
              <![CDATA[Test case Is pass]]>
            </line>
          </reporter-output>
        </test-method> <!-- Product_Details -->
        <test-method is-config="true" signature="quit_browser()[pri:0, instance:Amazon_Project_01.AddToCart_Testcase@a514af7]" started-at="2024-09-10T13:58:16 IST" name="quit_browser" finished-at="2024-09-10T13:58:21 IST" duration-ms="5249" status="PASS">
          <reporter-output>
          </reporter-output>
        </test-method> <!-- quit_browser -->
      </class> <!-- Amazon_Project_01.AddToCart_Testcase -->
      <class name="Amazon_Project_01.Cart_Without_Login_Testcase">
        <test-method is-config="true" signature="launch_browser()[pri:0, instance:Amazon_Project_01.Cart_Without_Login_Testcase@4466af20]" started-at="2024-09-10T13:57:30 IST" name="launch_browser" finished-at="2024-09-10T13:57:32 IST" duration-ms="2569" status="PASS">
          <reporter-output>
          </reporter-output>
        </test-method> <!-- launch_browser -->
        <test-method signature="Product_Details()[pri:0, instance:Amazon_Project_01.Cart_Without_Login_Testcase@4466af20]" started-at="2024-09-10T13:57:32 IST" name="Product_Details" finished-at="2024-09-10T13:57:43 IST" duration-ms="10716" status="PASS">
          <reporter-output>
            <line>
              <![CDATA[Test case Is pass]]>
            </line>
          </reporter-output>
        </test-method> <!-- Product_Details -->
        <test-method is-config="true" signature="quit_browser()[pri:0, instance:Amazon_Project_01.Cart_Without_Login_Testcase@4466af20]" started-at="2024-09-10T13:57:43 IST" name="quit_browser" finished-at="2024-09-10T13:57:49 IST" duration-ms="5240" status="PASS">
          <reporter-output>
          </reporter-output>
        </test-method> <!-- quit_browser -->
      </class> <!-- Amazon_Project_01.Cart_Without_Login_Testcase -->
      <class name="Amazon_Project_01.Edit_Information_Testcase">
        <test-method is-config="true" signature="launch_browser()[pri:0, instance:Amazon_Project_01.Edit_Information_Testcase@56620197]" started-at="2024-09-10T13:52:20 IST" name="launch_browser" finished-at="2024-09-10T13:52:24 IST" duration-ms="3679" status="PASS">
          <reporter-output>
          </reporter-output>
        </test-method> <!-- launch_browser -->
        <test-method signature="edit_Info()[pri:0, instance:Amazon_Project_01.Edit_Information_Testcase@56620197]" started-at="2024-09-10T13:52:24 IST" name="edit_Info" finished-at="2024-09-10T13:52:33 IST" duration-ms="9725" status="PASS">
          <reporter-output>
            <line>
              <![CDATA[Test case Is pass]]>
            </line>
          </reporter-output>
        </test-method> <!-- edit_Info -->
        <test-method is-config="true" signature="quit_browser()[pri:0, instance:Amazon_Project_01.Edit_Information_Testcase@56620197]" started-at="2024-09-10T13:52:34 IST" name="quit_browser" finished-at="2024-09-10T13:52:39 IST" duration-ms="5208" status="PASS">
          <reporter-output>
          </reporter-output>
        </test-method> <!-- quit_browser -->
      </class> <!-- Amazon_Project_01.Edit_Information_Testcase -->
      <class name="Amazon_Project_01.Login_With_Valid_Cred_Testcase">
        <test-method is-config="true" signature="launch_browser()[pri:0, instance:Amazon_Project_01.Login_With_Valid_Cred_Testcase@4fb61f4a]" started-at="2024-09-10T13:58:56 IST" name="launch_browser" finished-at="2024-09-10T13:58:59 IST" duration-ms="2886" status="PASS">
          <reporter-output>
          </reporter-output>
        </test-method> <!-- launch_browser -->
        <test-method signature="login_Success()[pri:0, instance:Amazon_Project_01.Login_With_Valid_Cred_Testcase@4fb61f4a]" started-at="2024-09-10T13:58:59 IST" name="login_Success" finished-at="2024-09-10T13:59:05 IST" duration-ms="6269" status="PASS">
          <reporter-output>
            <line>
              <![CDATA[Test case Is pass]]>
            </line>
          </reporter-output>
        </test-method> <!-- login_Success -->
        <test-method is-config="true" signature="quit_browser()[pri:0, instance:Amazon_Project_01.Login_With_Valid_Cred_Testcase@4fb61f4a]" started-at="2024-09-10T13:59:05 IST" name="quit_browser" finished-at="2024-09-10T13:59:11 IST" duration-ms="5277" status="PASS">
          <reporter-output>
          </reporter-output>
        </test-method> <!-- quit_browser -->
      </class> <!-- Amazon_Project_01.Login_With_Valid_Cred_Testcase -->
      <class name="Amazon_Project_01.Registration_Testcase">
        <test-method is-config="true" signature="launch_browser()[pri:0, instance:Amazon_Project_01.Registration_Testcase@5ffead27]" started-at="2024-09-10T13:54:39 IST" name="launch_browser" finished-at="2024-09-10T13:54:42 IST" duration-ms="2605" status="PASS">
          <reporter-output>
          </reporter-output>
        </test-method> <!-- launch_browser -->
        <test-method signature="Registration_New()[pri:0, instance:Amazon_Project_01.Registration_Testcase@5ffead27]" started-at="2024-09-10T13:54:42 IST" name="Registration_New" finished-at="2024-09-10T13:54:45 IST" duration-ms="3265" status="PASS">
          <reporter-output>
            <line>
              <![CDATA[Test case Is pass]]>
            </line>
          </reporter-output>
        </test-method> <!-- Registration_New -->
        <test-method is-config="true" signature="quit_browser()[pri:0, instance:Amazon_Project_01.Registration_Testcase@5ffead27]" started-at="2024-09-10T13:54:45 IST" name="quit_browser" finished-at="2024-09-10T13:54:50 IST" duration-ms="5223" status="PASS">
          <reporter-output>
          </reporter-output>
        </test-method> <!-- quit_browser -->
        <test-method is-config="true" signature="launch_browser()[pri:0, instance:Amazon_Project_01.Registration_Testcase@5ffead27]" started-at="2024-09-10T13:54:50 IST" name="launch_browser" finished-at="2024-09-10T13:54:53 IST" duration-ms="3106" status="PASS">
          <reporter-output>
          </reporter-output>
        </test-method> <!-- launch_browser -->
        <test-method signature="login_success()[pri:0, instance:Amazon_Project_01.Registration_Testcase@5ffead27]" started-at="2024-09-10T13:54:53 IST" name="login_success" finished-at="2024-09-10T13:54:53 IST" duration-ms="1" status="PASS">
          <reporter-output>
            <line>
              <![CDATA[Test case Is pass]]>
            </line>
          </reporter-output>
        </test-method> <!-- login_success -->
        <test-method is-config="true" signature="quit_browser()[pri:0, instance:Amazon_Project_01.Registration_Testcase@5ffead27]" started-at="2024-09-10T13:54:53 IST" name="quit_browser" finished-at="2024-09-10T13:54:59 IST" duration-ms="5230" status="PASS">
          <reporter-output>
          </reporter-output>
        </test-method> <!-- quit_browser -->
      </class> <!-- Amazon_Project_01.Registration_Testcase -->
      <class name="Amazon_Project_01.Search_Shoe">
        <test-method is-config="true" signature="launch_browser()[pri:0, instance:Amazon_Project_01.Search_Shoe@4f18837a]" started-at="2024-09-10T13:55:16 IST" name="launch_browser" finished-at="2024-09-10T13:55:19 IST" duration-ms="2978" status="PASS">
          <reporter-output>
          </reporter-output>
        </test-method> <!-- launch_browser -->
        <test-method signature="search_shoe()[pri:0, instance:Amazon_Project_01.Search_Shoe@4f18837a]" started-at="2024-09-10T13:55:19 IST" name="search_shoe" finished-at="2024-09-10T13:55:35 IST" duration-ms="15392" status="PASS">
          <reporter-output>
            <line>
              <![CDATA[Test case Is pass]]>
            </line>
          </reporter-output>
        </test-method> <!-- search_shoe -->
        <test-method is-config="true" signature="quit_browser()[pri:0, instance:Amazon_Project_01.Search_Shoe@4f18837a]" started-at="2024-09-10T13:55:35 IST" name="quit_browser" finished-at="2024-09-10T13:55:40 IST" duration-ms="5192" status="PASS">
          <reporter-output>
          </reporter-output>
        </test-method> <!-- quit_browser -->
      </class> <!-- Amazon_Project_01.Search_Shoe -->
      <class name="Amazon_Project_01.CoupanCode_Apply">
        <test-method is-config="true" signature="launch_browser()[pri:0, instance:Amazon_Project_01.CoupanCode_Apply@4567f35d]" started-at="2024-09-10T13:53:32 IST" name="launch_browser" finished-at="2024-09-10T13:53:36 IST" duration-ms="3405" status="PASS">
          <reporter-output>
          </reporter-output>
        </test-method> <!-- launch_browser -->
        <test-method signature="remove_item_from_cart()[pri:0, instance:Amazon_Project_01.CoupanCode_Apply@4567f35d]" started-at="2024-09-10T13:53:36 IST" name="remove_item_from_cart" finished-at="2024-09-10T13:54:34 IST" duration-ms="57710" status="PASS">
          <reporter-output>
            <line>
              <![CDATA[Test case Is pass]]>
            </line>
          </reporter-output>
        </test-method> <!-- remove_item_from_cart -->
        <test-method is-config="true" signature="quit_browser()[pri:0, instance:Amazon_Project_01.CoupanCode_Apply@4567f35d]" started-at="2024-09-10T13:54:34 IST" name="quit_browser" finished-at="2024-09-10T13:54:39 IST" duration-ms="5271" status="PASS">
          <reporter-output>
          </reporter-output>
        </test-method> <!-- quit_browser -->
      </class> <!-- Amazon_Project_01.CoupanCode_Apply -->
      <class name="Amazon_Project_01.Removeitemfrom_cart_Testcase">
        <test-method is-config="true" signature="launch_browser()[pri:0, instance:Amazon_Project_01.Removeitemfrom_cart_Testcase@1fa268de]" started-at="2024-09-10T13:56:33 IST" name="launch_browser" finished-at="2024-09-10T13:56:36 IST" duration-ms="3050" status="PASS">
          <reporter-output>
          </reporter-output>
        </test-method> <!-- launch_browser -->
        <test-method signature="remove_item_from_cart()[pri:0, instance:Amazon_Project_01.Removeitemfrom_cart_Testcase@1fa268de]" started-at="2024-09-10T13:56:36 IST" name="remove_item_from_cart" finished-at="2024-09-10T13:56:59 IST" duration-ms="23565" status="PASS">
          <reporter-output>
            <line>
              <![CDATA[Test case Is pass]]>
            </line>
          </reporter-output>
        </test-method> <!-- remove_item_from_cart -->
        <test-method is-config="true" signature="quit_browser()[pri:0, instance:Amazon_Project_01.Removeitemfrom_cart_Testcase@1fa268de]" started-at="2024-09-10T13:56:59 IST" name="quit_browser" finished-at="2024-09-10T13:57:05 IST" duration-ms="5242" status="PASS">
          <reporter-output>
          </reporter-output>
        </test-method> <!-- quit_browser -->
      </class> <!-- Amazon_Project_01.Removeitemfrom_cart_Testcase -->
      <class name="Amazon_Project_01.Each_Payment_Method_Testcase">
        <test-method is-config="true" signature="launch_browser()[pri:0, instance:Amazon_Project_01.Each_Payment_Method_Testcase@359f7cdf]" started-at="2024-09-10T13:55:40 IST" name="launch_browser" finished-at="2024-09-10T13:55:43 IST" duration-ms="3141" status="PASS">
          <reporter-output>
          </reporter-output>
        </test-method> <!-- launch_browser -->
        <test-method signature="remove_item_from_cart()[pri:0, instance:Amazon_Project_01.Each_Payment_Method_Testcase@359f7cdf]" started-at="2024-09-10T13:55:43 IST" name="remove_item_from_cart" finished-at="2024-09-10T13:56:27 IST" duration-ms="43879" status="PASS">
          <reporter-output>
            <line>
              <![CDATA[Test case Is pass]]>
            </line>
          </reporter-output>
        </test-method> <!-- remove_item_from_cart -->
        <test-method is-config="true" signature="quit_browser()[pri:0, instance:Amazon_Project_01.Each_Payment_Method_Testcase@359f7cdf]" started-at="2024-09-10T13:56:27 IST" name="quit_browser" finished-at="2024-09-10T13:56:33 IST" duration-ms="5269" status="PASS">
          <reporter-output>
          </reporter-output>
        </test-method> <!-- quit_browser -->
      </class> <!-- Amazon_Project_01.Each_Payment_Method_Testcase -->
    </test> <!-- Test -->
  </suite> <!-- Suite -->
</testng-results>
