<?xml version="1.0" encoding="UTF-8"?>
<testsuite xmlns:xsi="http://www.w3.org/2001/XMLSchema-instance" xsi:noNamespaceSchemaLocation="https://maven.apache.org/surefire/maven-surefire-plugin/xsd/surefire-test-report.xsd" version="3.0.2" name="TestSuite" time="411.111" tests="15" errors="0" skipped="0" failures="0">
  <properties>
[...]
</properties>
  <testcase name="edit_Info" classname="Amazon_Project_01.Edit_Information_Testcase" time="9.725">
    <system-err><![CDATA[SLF4J: Failed to load class "org.slf4j.impl.StaticLoggerBinder".
SLF4J: Defaulting to no-operation (NOP) logger implementation
SLF4J: See http://www.slf4j.org/codes.html#StaticLoggerBinder for further details.
Sep 10, 2024 1:52:21 PM org.openqa.selenium.devtools.CdpVersionFinder findNearestMatch
WARNING: Unable to find an exact match for CDP version 128, returning the closest version; found: 127; Please update to a Selenium version that supports CDP version 128
]]></system-err>
  </testcase>
  <testcase name="remove_item_from_cart" classname="Amazon_Project_01.Checkout_process_Testcase" time="44.764">
    <system-err><![CDATA[Sep 10, 2024 1:52:40 PM org.openqa.selenium.devtools.CdpVersionFinder findNearestMatch
WARNING: Unable to find an exact match for CDP version 128, returning the closest version; found: 127; Please update to a Selenium version that supports CDP version 128
]]></system-err>
  </testcase>
  <testcase name="remove_item_from_cart" classname="Amazon_Project_01.CoupanCode_Apply" time="57.71">
    <system-err><![CDATA[Sep 10, 2024 1:53:33 PM org.openqa.selenium.devtools.CdpVersionFinder findNearestMatch
WARNING: Unable to find an exact match for CDP version 128, returning the closest version; found: 127; Please update to a Selenium version that supports CDP version 128
]]></system-err>
  </testcase>
  <testcase name="Registration_New" classname="Amazon_Project_01.Registration_Testcase" time="3.265">
    <system-err><![CDATA[Sep 10, 2024 1:54:40 PM org.openqa.selenium.devtools.CdpVersionFinder findNearestMatch
WARNING: Unable to find an exact match for CDP version 128, returning the closest version; found: 127; Please update to a Selenium version that supports CDP version 128
]]></system-err>
  </testcase>
  <testcase name="login_success" classname="Amazon_Project_01.Registration_Testcase" time="0.0">
    <system-err><![CDATA[Sep 10, 2024 1:54:51 PM org.openqa.selenium.devtools.CdpVersionFinder findNearestMatch
WARNING: Unable to find an exact match for CDP version 128, returning the closest version; found: 127; Please update to a Selenium version that supports CDP version 128
]]></system-err>
  </testcase>
  <testcase name="Product_Details" classname="Amazon_Project_01.Your_Order_Testcase" time="9.3">
    <system-err><![CDATA[Sep 10, 2024 1:55:00 PM org.openqa.selenium.devtools.CdpVersionFinder findNearestMatch
WARNING: Unable to find an exact match for CDP version 128, returning the closest version; found: 127; Please update to a Selenium version that supports CDP version 128
]]></system-err>
  </testcase>
  <testcase name="search_shoe" classname="Amazon_Project_01.Search_Shoe" time="15.391">
    <system-err><![CDATA[Sep 10, 2024 1:55:17 PM org.openqa.selenium.devtools.CdpVersionFinder findNearestMatch
WARNING: Unable to find an exact match for CDP version 128, returning the closest version; found: 127; Please update to a Selenium version that supports CDP version 128
]]></system-err>
  </testcase>
  <testcase name="remove_item_from_cart" classname="Amazon_Project_01.Each_Payment_Method_Testcase" time="43.879">
    <system-err><![CDATA[Sep 10, 2024 1:55:41 PM org.openqa.selenium.devtools.CdpVersionFinder findNearestMatch
WARNING: Unable to find an exact match for CDP version 128, returning the closest version; found: 127; Please update to a Selenium version that supports CDP version 128
]]></system-err>
  </testcase>
  <testcase name="remove_item_from_cart" classname="Amazon_Project_01.Removeitemfrom_cart_Testcase" time="23.564">
    <system-out><![CDATA[3
]]></system-out>
    <system-err><![CDATA[Sep 10, 2024 1:56:33 PM org.openqa.selenium.devtools.CdpVersionFinder findNearestMatch
WARNING: Unable to find an exact match for CDP version 128, returning the closest version; found: 127; Please update to a Selenium version that supports CDP version 128
]]></system-err>
  </testcase>
  <testcase name="Product_Details" classname="Amazon_Project_01.Product_details_Testcase" time="17.069">
    <system-err><![CDATA[Sep 10, 2024 1:57:05 PM org.openqa.selenium.devtools.CdpVersionFinder findNearestMatch
WARNING: Unable to find an exact match for CDP version 128, returning the closest version; found: 127; Please update to a Selenium version that supports CDP version 128
]]></system-err>
  </testcase>
  <testcase name="Product_Details" classname="Amazon_Project_01.Cart_Without_Login_Testcase" time="10.718">
    <system-err><![CDATA[Sep 10, 2024 1:57:31 PM org.openqa.selenium.devtools.CdpVersionFinder findNearestMatch
WARNING: Unable to find an exact match for CDP version 128, returning the closest version; found: 127; Please update to a Selenium version that supports CDP version 128
]]></system-err>
  </testcase>
  <testcase name="Product_Details" classname="Amazon_Project_01.AddToCart_Testcase" time="24.348">
    <system-out><![CDATA[3
]]></system-out>
    <system-err><![CDATA[Sep 10, 2024 1:57:49 PM org.openqa.selenium.devtools.CdpVersionFinder findNearestMatch
WARNING: Unable to find an exact match for CDP version 128, returning the closest version; found: 127; Please update to a Selenium version that supports CDP version 128
]]></system-err>
  </testcase>
  <testcase name="login_Fail" classname="Amazon_Project_01.Login_With_Invalid_Cred_Testcase" time="8.557">
    <system-out><![CDATA[Passord is incorrect please login with valid credentials
]]></system-out>
    <system-err><![CDATA[Sep 10, 2024 1:58:22 PM org.openqa.selenium.devtools.CdpVersionFinder findNearestMatch
WARNING: Unable to find an exact match for CDP version 128, returning the closest version; found: 127; Please update to a Selenium version that supports CDP version 128
]]></system-err>
  </testcase>
  <testcase name="login_datadriven" classname="Amazon_Project_01.Data_Driven_Login_testcase" time="8.657">
    <system-out><![CDATA[2024-09-10T08:28:44.256428900Z main ERROR Log4j2 could not find a logging implementation. Please add log4j-core to the classpath. Using SimpleLogger to log to the console...
username is9996464204
password isRajan@1991
]]></system-out>
    <system-err><![CDATA[Sep 10, 2024 1:58:39 PM org.openqa.selenium.devtools.CdpVersionFinder findNearestMatch
WARNING: Unable to find an exact match for CDP version 128, returning the closest version; found: 127; Please update to a Selenium version that supports CDP version 128
]]></system-err>
  </testcase>
  <testcase name="login_Success" classname="Amazon_Project_01.Login_With_Valid_Cred_Testcase" time="6.269">
    <system-out><![CDATA[LOGIN PASSED
]]></system-out>
    <system-err><![CDATA[Sep 10, 2024 1:58:57 PM org.openqa.selenium.devtools.CdpVersionFinder findNearestMatch
WARNING: Unable to find an exact match for CDP version 128, returning the closest version; found: 127; Please update to a Selenium version that supports CDP version 128
]]></system-err>
  </testcase>
</testsuite>