<?xml version="1.0" encoding="UTF-8"?>
<testng-results ignored="0" total="1" passed="1" failed="0" skipped="0">
  <reporter-output>
  </reporter-output>
  <suite started-at="2024-09-10T13:51:18 IST" name="Default suite" finished-at="2024-09-10T13:51:58 IST" duration-ms="39762">
    <groups>
    </groups>
    <test started-at="2024-09-10T13:51:18 IST" name="Default test" finished-at="2024-09-10T13:51:58 IST" duration-ms="39762">
      <class name="Amazon_Project_01.Removeitemfrom_cart_Testcase">
        <test-method is-config="true" signature="launch_browser()[pri:0, instance:Amazon_Project_01.Removeitemfrom_cart_Testcase@38c6f217]" started-at="2024-09-10T13:51:18 IST" name="launch_browser" finished-at="2024-09-10T13:51:21 IST" duration-ms="2657" status="PASS">
          <reporter-output>
          </reporter-output>
        </test-method> <!-- launch_browser -->
        <test-method signature="remove_item_from_cart()[pri:0, instance:Amazon_Project_01.Removeitemfrom_cart_Testcase@38c6f217]" started-at="2024-09-10T13:51:21 IST" name="remove_item_from_cart" finished-at="2024-09-10T13:51:53 IST" duration-ms="31816" status="PASS">
          <reporter-output>
          </reporter-output>
        </test-method> <!-- remove_item_from_cart -->
        <test-method is-config="true" signature="quit_browser()[pri:0, instance:Amazon_Project_01.Removeitemfrom_cart_Testcase@38c6f217]" started-at="2024-09-10T13:51:53 IST" name="quit_browser" finished-at="2024-09-10T13:51:58 IST" duration-ms="5261" status="PASS">
          <reporter-output>
          </reporter-output>
        </test-method> <!-- quit_browser -->
      </class> <!-- Amazon_Project_01.Removeitemfrom_cart_Testcase -->
    </test> <!-- Default test -->
  </suite> <!-- Default suite -->
</testng-results>
